#
# There is insufficient memory for the Java Runtime Environment to continue.
# Native memory allocation (malloc) failed to allocate 1039376 bytes for Chunk::new
# Possible reasons:
#   The system is out of physical RAM or swap space
#   The process is running with CompressedOops enabled, and the Java Heap may be blocking the growth of the native heap
# Possible solutions:
#   Reduce memory load on the system
#   Increase physical memory or swap space
#   Check if swap backing store is full
#   Decrease Java heap size (-Xmx/-Xms)
#   Decrease number of Java threads
#   Decrease Java thread stack sizes (-Xss)
#   Set larger code cache with -XX:ReservedCodeCacheSize=
#   JVM is running with Unscaled Compressed Oops mode in which the Java heap is
#     placed in the first 4GB address space. The Java Heap base address is the
#     maximum limit for the native heap growth. Please use -XX:HeapBaseMinAddress
#     to set the Java Heap base and to place the Java Heap above 4GB virtual address.
# This output file may be truncated or incomplete.
#
#  Out of Memory Error (t:/workspace/open/src/hotspot/share/memory/arena.cpp:197), pid=7080, tid=7176
#
# JRE version: OpenJDK Runtime Environment (11.0+28) (build 11+28)
# Java VM: OpenJDK 64-Bit Server VM (11+28, mixed mode, tiered, compressed oops, g1 gc, windows-amd64)
# No core dump will be written. Minidumps are not enabled by default on client versions of Windows
#

---------------  S U M M A R Y ------------

Command Line: -Dclassworlds.conf=C:\apache-maven-3.8.4\bin\m2.conf -Dmaven.home=C:\apache-maven-3.8.4 -Dlibrary.jansi.path=C:\apache-maven-3.8.4\lib\jansi-native -Dmaven.multiModuleProjectDirectory=C:\Users\robert\libraryOfJugglingAPI org.codehaus.plexus.classworlds.launcher.Launcher quarkus:dev

Host: AMD A6-3420M APU with Radeon(tm) HD Graphics, 4 cores, 5G,  Windows 10 , 64 bit Build 19041 (10.0.19041.804)
Time: Mon Oct 10 16:37:12 2022 Hora oficial do Brasil elapsed time: 75 seconds (0d 0h 1m 15s)

---------------  T H R E A D  ---------------

Current thread (0x000001587c84f800):  JavaThread "C2 CompilerThread0" daemon [_thread_in_native, id=7176, stack(0x0000000a38900000,0x0000000a38a00000)]


Current CompileTask:
C2:  75675 6885   !   4       sun.nio.fs.WindowsFileAttributes::get (236 bytes)

Stack: [0x0000000a38900000,0x0000000a38a00000]
Native frames: (J=compiled Java code, j=interpreted, Vv=VM code, C=native code)
V  [jvm.dll+0x63adaa]
V  [jvm.dll+0x77852f]
V  [jvm.dll+0x779b18]
V  [jvm.dll+0x77a1d3]
V  [jvm.dll+0x2624c8]
V  [jvm.dll+0xc5b61]
V  [jvm.dll+0xc60fc]
V  [jvm.dll+0x36e6d7]
V  [jvm.dll+0x33b433]
V  [jvm.dll+0x33a80a]
V  [jvm.dll+0x21c365]
V  [jvm.dll+0x21b50a]
V  [jvm.dll+0x198400]
V  [jvm.dll+0x22a4ff]
V  [jvm.dll+0x228b18]
V  [jvm.dll+0x73dc3d]
V  [jvm.dll+0x639e42]
C  [ucrtbase.dll+0x21bb2]
C  [KERNEL32.DLL+0x17034]
C  [ntdll.dll+0x52651]


---------------  P R O C E S S  ---------------

Threads class SMR info:
_java_thread_list=0x000001587f5896d0, length=10, elements={
0x000001586dbf3800, 0x000001587c7eb000, 0x000001587c7f5000, 0x000001587c84c000,
0x000001587c84d000, 0x000001587c84f800, 0x000001587c853800, 0x000001587c85a800,
0x000001587cae6800, 0x000001587caf2000
}

Java Threads: ( => current thread )
  0x000001586dbf3800 JavaThread "main" [_thread_in_Java, id=4564, stack(0x0000000a37d00000,0x0000000a37e00000)]
  0x000001587c7eb000 JavaThread "Reference Handler" daemon [_thread_blocked, id=6588, stack(0x0000000a38500000,0x0000000a38600000)]
  0x000001587c7f5000 JavaThread "Finalizer" daemon [_thread_blocked, id=7344, stack(0x0000000a38600000,0x0000000a38700000)]
  0x000001587c84c000 JavaThread "Signal Dispatcher" daemon [_thread_blocked, id=3436, stack(0x0000000a38700000,0x0000000a38800000)]
  0x000001587c84d000 JavaThread "Attach Listener" daemon [_thread_blocked, id=5484, stack(0x0000000a38800000,0x0000000a38900000)]
=>0x000001587c84f800 JavaThread "C2 CompilerThread0" daemon [_thread_in_native, id=7176, stack(0x0000000a38900000,0x0000000a38a00000)]
  0x000001587c853800 JavaThread "C1 CompilerThread0" daemon [_thread_blocked, id=5736, stack(0x0000000a38a00000,0x0000000a38b00000)]
  0x000001587c85a800 JavaThread "Sweeper thread" daemon [_thread_blocked, id=3888, stack(0x0000000a38b00000,0x0000000a38c00000)]
  0x000001587cae6800 JavaThread "Service Thread" daemon [_thread_blocked, id=2448, stack(0x0000000a38c00000,0x0000000a38d00000)]
  0x000001587caf2000 JavaThread "Common-Cleaner" daemon [_thread_blocked, id=7636, stack(0x0000000a38e00000,0x0000000a38f00000)]

Other Threads:
  0x000001587c7c5800 VMThread "VM Thread" [stack: 0x0000000a38400000,0x0000000a38500000] [id=860]
  0x000001587caea800 WatcherThread [stack: 0x0000000a38d00000,0x0000000a38e00000] [id=1256]
  0x000001586dc08800 GCTaskThread "GC Thread#0" [stack: 0x0000000a37f00000,0x0000000a38000000] [id=5624]
  0x000001587d166000 GCTaskThread "GC Thread#1" [stack: 0x0000000a38f00000,0x0000000a39000000] [id=2844]
  0x000001587da89800 GCTaskThread "GC Thread#2" [stack: 0x0000000a39100000,0x0000000a39200000] [id=1144]
  0x000001587e460800 GCTaskThread "GC Thread#3" [stack: 0x0000000a39300000,0x0000000a39400000] [id=7512]
  0x000001586dc2b800 ConcurrentGCThread "G1 Main Marker" [stack: 0x0000000a38000000,0x0000000a38100000] [id=7688]
  0x000001586dc2d000 ConcurrentGCThread "G1 Conc#0" [stack: 0x0000000a38100000,0x0000000a38200000] [id=2236]
  0x000001586dc8b800 ConcurrentGCThread "G1 Refine#0" [stack: 0x0000000a38200000,0x0000000a38300000] [id=7524]
  0x00000158192fc800 ConcurrentGCThread "G1 Refine#1" [stack: 0x0000000a39200000,0x0000000a39300000] [id=1312]
  0x000001586dc8d000 ConcurrentGCThread "G1 Young RemSet Sampling" [stack: 0x0000000a38300000,0x0000000a38400000] [id=5392]

Threads with active compile tasks:
C2 CompilerThread06885   !   4       sun.nio.fs.WindowsFileAttributes::get (236 bytes)

VM state:not at safepoint (normal execution)

VM Mutex/Monitor currently owned by a thread: None

Heap address: 0x00000000a8400000, size: 1404 MB, Compressed Oops mode: 32-bit
Narrow klass base: 0x0000000000000000, Narrow klass shift: 3
Compressed class space size: 1073741824 Address: 0x0000000100000000

Heap:
 garbage-first heap   total 231424K, used 150942K [0x00000000a8400000, 0x0000000100000000)
  region size 1024K, 5 young (5120K), 2 survivors (2048K)
 Metaspace       used 38177K, capacity 39236K, committed 39552K, reserved 1085440K
  class space    used 4060K, capacity 4388K, committed 4480K, reserved 1048576K
Heap Regions: E=young(eden), S=young(survivor), O=old, HS=humongous(starts), HC=humongous(continues), CS=collection set, F=free, A=archive, TAMS=top-at-mark-start (previous, next)
|   0|0x00000000a8400000, 0x00000000a8500000, 0x00000000a8500000|100%| O|  |TAMS 0x00000000a8500000, 0x00000000a8400000| Untracked 
|   1|0x00000000a8500000, 0x00000000a8600000, 0x00000000a8600000|100%| O|  |TAMS 0x00000000a8600000, 0x00000000a8500000| Untracked 
|   2|0x00000000a8600000, 0x00000000a8700000, 0x00000000a8700000|100%| O|  |TAMS 0x00000000a8700000, 0x00000000a8600000| Untracked 
|   3|0x00000000a8700000, 0x00000000a8800000, 0x00000000a8800000|100%| O|  |TAMS 0x00000000a8800000, 0x00000000a8700000| Untracked 
|   4|0x00000000a8800000, 0x00000000a8900000, 0x00000000a8900000|100%| O|  |TAMS 0x00000000a8900000, 0x00000000a8800000| Untracked 
|   5|0x00000000a8900000, 0x00000000a8a00000, 0x00000000a8a00000|100%| O|  |TAMS 0x00000000a8a00000, 0x00000000a8900000| Untracked 
|   6|0x00000000a8a00000, 0x00000000a8b00000, 0x00000000a8b00000|100%| O|  |TAMS 0x00000000a8b00000, 0x00000000a8a00000| Untracked 
|   7|0x00000000a8b00000, 0x00000000a8c00000, 0x00000000a8c00000|100%| O|  |TAMS 0x00000000a8c00000, 0x00000000a8b00000| Untracked 
|   8|0x00000000a8c00000, 0x00000000a8d00000, 0x00000000a8d00000|100%| O|  |TAMS 0x00000000a8d00000, 0x00000000a8c00000| Untracked 
|   9|0x00000000a8d00000, 0x00000000a8e00000, 0x00000000a8e00000|100%| O|  |TAMS 0x00000000a8e00000, 0x00000000a8d00000| Untracked 
|  10|0x00000000a8e00000, 0x00000000a8f00000, 0x00000000a8f00000|100%| O|  |TAMS 0x00000000a8f00000, 0x00000000a8e00000| Untracked 
|  11|0x00000000a8f00000, 0x00000000a9000000, 0x00000000a9000000|100%| O|  |TAMS 0x00000000a9000000, 0x00000000a8f00000| Untracked 
|  12|0x00000000a9000000, 0x00000000a9100000, 0x00000000a9100000|100%| O|  |TAMS 0x00000000a9100000, 0x00000000a9000000| Untracked 
|  13|0x00000000a9100000, 0x00000000a9200000, 0x00000000a9200000|100%| O|  |TAMS 0x00000000a9200000, 0x00000000a9100000| Untracked 
|  14|0x00000000a9200000, 0x00000000a9300000, 0x00000000a9300000|100%| O|  |TAMS 0x00000000a9300000, 0x00000000a9200000| Untracked 
|  15|0x00000000a9300000, 0x00000000a9400000, 0x00000000a9400000|100%| O|  |TAMS 0x00000000a9400000, 0x00000000a9300000| Untracked 
|  16|0x00000000a9400000, 0x00000000a9500000, 0x00000000a9500000|100%| O|  |TAMS 0x00000000a9500000, 0x00000000a9400000| Untracked 
|  17|0x00000000a9500000, 0x00000000a956a000, 0x00000000a9600000| 41%| O|  |TAMS 0x00000000a9500000, 0x00000000a9500000| Untracked 
|  18|0x00000000a9600000, 0x00000000a9700000, 0x00000000a9700000|100%| O|  |TAMS 0x00000000a9700000, 0x00000000a9600000| Untracked 
|  19|0x00000000a9700000, 0x00000000a9800000, 0x00000000a9800000|100%| O|  |TAMS 0x00000000a9800000, 0x00000000a9700000| Untracked 
|  20|0x00000000a9800000, 0x00000000a9900000, 0x00000000a9900000|100%| O|  |TAMS 0x00000000a9900000, 0x00000000a9800000| Untracked 
|  21|0x00000000a9900000, 0x00000000a9a00000, 0x00000000a9a00000|100%| O|  |TAMS 0x00000000a9a00000, 0x00000000a9900000| Untracked 
|  22|0x00000000a9a00000, 0x00000000a9b00000, 0x00000000a9b00000|100%| O|  |TAMS 0x00000000a9b00000, 0x00000000a9a00000| Untracked 
|  23|0x00000000a9b00000, 0x00000000a9c00000, 0x00000000a9c00000|100%| O|  |TAMS 0x00000000a9c00000, 0x00000000a9b00000| Untracked 
|  24|0x00000000a9c00000, 0x00000000a9d00000, 0x00000000a9d00000|100%| O|  |TAMS 0x00000000a9d00000, 0x00000000a9c00000| Untracked 
|  25|0x00000000a9d00000, 0x00000000a9e00000, 0x00000000a9e00000|100%| O|  |TAMS 0x00000000a9e00000, 0x00000000a9d00000| Untracked 
|  26|0x00000000a9e00000, 0x00000000a9f00000, 0x00000000a9f00000|100%| O|  |TAMS 0x00000000a9f00000, 0x00000000a9e00000| Untracked 
|  27|0x00000000a9f00000, 0x00000000a9f00000, 0x00000000aa000000|  0%| F|  |TAMS 0x00000000a9f00000, 0x00000000a9f00000| Untracked 
|  28|0x00000000aa000000, 0x00000000aa100000, 0x00000000aa100000|100%| O|  |TAMS 0x00000000aa100000, 0x00000000aa000000| Untracked 
|  29|0x00000000aa100000, 0x00000000aa200000, 0x00000000aa200000|100%| O|  |TAMS 0x00000000aa200000, 0x00000000aa100000| Untracked 
|  30|0x00000000aa200000, 0x00000000aa300000, 0x00000000aa300000|100%| O|  |TAMS 0x00000000aa300000, 0x00000000aa200000| Untracked 
|  31|0x00000000aa300000, 0x00000000aa400000, 0x00000000aa400000|100%| O|  |TAMS 0x00000000aa400000, 0x00000000aa300000| Untracked 
|  32|0x00000000aa400000, 0x00000000aa500000, 0x00000000aa500000|100%| O|  |TAMS 0x00000000aa500000, 0x00000000aa400000| Untracked 
|  33|0x00000000aa500000, 0x00000000aa600000, 0x00000000aa600000|100%| O|  |TAMS 0x00000000aa600000, 0x00000000aa500000| Untracked 
|  34|0x00000000aa600000, 0x00000000aa700000, 0x00000000aa700000|100%| O|  |TAMS 0x00000000aa700000, 0x00000000aa600000| Untracked 
|  35|0x00000000aa700000, 0x00000000aa800000, 0x00000000aa800000|100%| O|  |TAMS 0x00000000aa800000, 0x00000000aa700000| Untracked 
|  36|0x00000000aa800000, 0x00000000aa900000, 0x00000000aa900000|100%| O|  |TAMS 0x00000000aa900000, 0x00000000aa800000| Untracked 
|  37|0x00000000aa900000, 0x00000000aaa00000, 0x00000000aaa00000|100%| O|  |TAMS 0x00000000aaa00000, 0x00000000aa900000| Untracked 
|  38|0x00000000aaa00000, 0x00000000aab00000, 0x00000000aab00000|100%| O|  |TAMS 0x00000000aab00000, 0x00000000aaa00000| Untracked 
|  39|0x00000000aab00000, 0x00000000aac00000, 0x00000000aac00000|100%| O|  |TAMS 0x00000000aac00000, 0x00000000aab00000| Untracked 
|  40|0x00000000aac00000, 0x00000000aad00000, 0x00000000aad00000|100%| O|  |TAMS 0x00000000aad00000, 0x00000000aac00000| Untracked 
|  41|0x00000000aad00000, 0x00000000aae00000, 0x00000000aae00000|100%| O|  |TAMS 0x00000000aae00000, 0x00000000aad00000| Untracked 
|  42|0x00000000aae00000, 0x00000000aae00000, 0x00000000aaf00000|  0%| F|  |TAMS 0x00000000aae00000, 0x00000000aae00000| Untracked 
|  43|0x00000000aaf00000, 0x00000000ab000000, 0x00000000ab000000|100%| O|  |TAMS 0x00000000ab000000, 0x00000000aaf00000| Untracked 
|  44|0x00000000ab000000, 0x00000000ab100000, 0x00000000ab100000|100%| O|  |TAMS 0x00000000ab100000, 0x00000000ab000000| Untracked 
|  45|0x00000000ab100000, 0x00000000ab200000, 0x00000000ab200000|100%| O|  |TAMS 0x00000000ab200000, 0x00000000ab100000| Untracked 
|  46|0x00000000ab200000, 0x00000000ab300000, 0x00000000ab300000|100%| O|  |TAMS 0x00000000ab300000, 0x00000000ab200000| Untracked 
|  47|0x00000000ab300000, 0x00000000ab400000, 0x00000000ab400000|100%| O|  |TAMS 0x00000000ab400000, 0x00000000ab300000| Untracked 
|  48|0x00000000ab400000, 0x00000000ab500000, 0x00000000ab500000|100%| O|  |TAMS 0x00000000ab500000, 0x00000000ab400000| Untracked 
|  49|0x00000000ab500000, 0x00000000ab600000, 0x00000000ab600000|100%| O|  |TAMS 0x00000000ab600000, 0x00000000ab500000| Untracked 
|  50|0x00000000ab600000, 0x00000000ab700000, 0x00000000ab700000|100%| O|  |TAMS 0x00000000ab700000, 0x00000000ab600000| Untracked 
|  51|0x00000000ab700000, 0x00000000ab800000, 0x00000000ab800000|100%| O|  |TAMS 0x00000000ab800000, 0x00000000ab700000| Untracked 
|  52|0x00000000ab800000, 0x00000000ab900000, 0x00000000ab900000|100%| O|  |TAMS 0x00000000ab900000, 0x00000000ab800000| Untracked 
|  53|0x00000000ab900000, 0x00000000ab900000, 0x00000000aba00000|  0%| F|  |TAMS 0x00000000ab900000, 0x00000000ab900000| Untracked 
|  54|0x00000000aba00000, 0x00000000abb00000, 0x00000000abb00000|100%| O|  |TAMS 0x00000000abb00000, 0x00000000aba00000| Untracked 
|  55|0x00000000abb00000, 0x00000000abc00000, 0x00000000abc00000|100%| O|  |TAMS 0x00000000abc00000, 0x00000000abb00000| Untracked 
|  56|0x00000000abc00000, 0x00000000abd00000, 0x00000000abd00000|100%| O|  |TAMS 0x00000000abd00000, 0x00000000abc00000| Untracked 
|  57|0x00000000abd00000, 0x00000000abe00000, 0x00000000abe00000|100%| O|  |TAMS 0x00000000abe00000, 0x00000000abd00000| Untracked 
|  58|0x00000000abe00000, 0x00000000abf00000, 0x00000000abf00000|100%| O|  |TAMS 0x00000000abf00000, 0x00000000abe00000| Untracked 
|  59|0x00000000abf00000, 0x00000000ac000000, 0x00000000ac000000|100%| O|  |TAMS 0x00000000ac000000, 0x00000000abf00000| Untracked 
|  60|0x00000000ac000000, 0x00000000ac000000, 0x00000000ac100000|  0%| F|  |TAMS 0x00000000ac000000, 0x00000000ac000000| Untracked 
|  61|0x00000000ac100000, 0x00000000ac200000, 0x00000000ac200000|100%| O|  |TAMS 0x00000000ac200000, 0x00000000ac100000| Untracked 
|  62|0x00000000ac200000, 0x00000000ac300000, 0x00000000ac300000|100%| O|  |TAMS 0x00000000ac300000, 0x00000000ac200000| Untracked 
|  63|0x00000000ac300000, 0x00000000ac400000, 0x00000000ac400000|100%| O|  |TAMS 0x00000000ac400000, 0x00000000ac300000| Untracked 
|  64|0x00000000ac400000, 0x00000000ac500000, 0x00000000ac500000|100%| O|  |TAMS 0x00000000ac500000, 0x00000000ac400000| Untracked 
|  65|0x00000000ac500000, 0x00000000ac600000, 0x00000000ac600000|100%| O|  |TAMS 0x00000000ac600000, 0x00000000ac500000| Untracked 
|  66|0x00000000ac600000, 0x00000000ac700000, 0x00000000ac700000|100%| O|  |TAMS 0x00000000ac700000, 0x00000000ac600000| Untracked 
|  67|0x00000000ac700000, 0x00000000ac800000, 0x00000000ac800000|100%| O|  |TAMS 0x00000000ac800000, 0x00000000ac700000| Untracked 
|  68|0x00000000ac800000, 0x00000000ac900000, 0x00000000ac900000|100%| O|  |TAMS 0x00000000ac900000, 0x00000000ac800000| Untracked 
|  69|0x00000000ac900000, 0x00000000aca00000, 0x00000000aca00000|100%| O|  |TAMS 0x00000000aca00000, 0x00000000ac900000| Untracked 
|  70|0x00000000aca00000, 0x00000000acb00000, 0x00000000acb00000|100%| O|  |TAMS 0x00000000acb00000, 0x00000000aca00000| Untracked 
|  71|0x00000000acb00000, 0x00000000acc00000, 0x00000000acc00000|100%|HS|  |TAMS 0x00000000acc00000, 0x00000000acb00000| Complete 
|  72|0x00000000acc00000, 0x00000000acd00000, 0x00000000acd00000|100%| O|  |TAMS 0x00000000acd00000, 0x00000000acc00000| Untracked 
|  73|0x00000000acd00000, 0x00000000acd00000, 0x00000000ace00000|  0%| F|  |TAMS 0x00000000acd00000, 0x00000000acd00000| Untracked 
|  74|0x00000000ace00000, 0x00000000acf00000, 0x00000000acf00000|100%| O|  |TAMS 0x00000000acf00000, 0x00000000ace00000| Untracked 
|  75|0x00000000acf00000, 0x00000000ad000000, 0x00000000ad000000|100%| O|  |TAMS 0x00000000acf00000, 0x00000000acf00000| Untracked 
|  76|0x00000000ad000000, 0x00000000ad100000, 0x00000000ad100000|100%| O|  |TAMS 0x00000000ad100000, 0x00000000ad000000| Untracked 
|  77|0x00000000ad100000, 0x00000000ad200000, 0x00000000ad200000|100%| O|  |TAMS 0x00000000ad200000, 0x00000000ad100000| Untracked 
|  78|0x00000000ad200000, 0x00000000ad300000, 0x00000000ad300000|100%|HS|  |TAMS 0x00000000ad300000, 0x00000000ad200000| Complete 
|  79|0x00000000ad300000, 0x00000000ad400000, 0x00000000ad400000|100%| O|  |TAMS 0x00000000ad400000, 0x00000000ad300000| Untracked 
|  80|0x00000000ad400000, 0x00000000ad500000, 0x00000000ad500000|100%| O|  |TAMS 0x00000000ad500000, 0x00000000ad400000| Untracked 
|  81|0x00000000ad500000, 0x00000000ad600000, 0x00000000ad600000|100%| O|  |TAMS 0x00000000ad600000, 0x00000000ad500000| Untracked 
|  82|0x00000000ad600000, 0x00000000ad700000, 0x00000000ad700000|100%| O|  |TAMS 0x00000000ad700000, 0x00000000ad600000| Untracked 
|  83|0x00000000ad700000, 0x00000000ad800000, 0x00000000ad800000|100%| O|  |TAMS 0x00000000ad800000, 0x00000000ad700000| Untracked 
|  84|0x00000000ad800000, 0x00000000ad900000, 0x00000000ad900000|100%| O|  |TAMS 0x00000000ad900000, 0x00000000ad800000| Untracked 
|  85|0x00000000ad900000, 0x00000000ada00000, 0x00000000ada00000|100%| O|  |TAMS 0x00000000ada00000, 0x00000000ad900000| Untracked 
|  86|0x00000000ada00000, 0x00000000adb00000, 0x00000000adb00000|100%| O|  |TAMS 0x00000000adb00000, 0x00000000ada00000| Untracked 
|  87|0x00000000adb00000, 0x00000000adc00000, 0x00000000adc00000|100%| O|  |TAMS 0x00000000adc00000, 0x00000000adb00000| Untracked 
|  88|0x00000000adc00000, 0x00000000add00000, 0x00000000add00000|100%| O|  |TAMS 0x00000000add00000, 0x00000000adc00000| Untracked 
|  89|0x00000000add00000, 0x00000000ade00000, 0x00000000ade00000|100%| O|  |TAMS 0x00000000ade00000, 0x00000000add00000| Untracked 
|  90|0x00000000ade00000, 0x00000000adf00000, 0x00000000adf00000|100%|HS|  |TAMS 0x00000000adf00000, 0x00000000ade00000| Complete 
|  91|0x00000000adf00000, 0x00000000ae000000, 0x00000000ae000000|100%|HC|  |TAMS 0x00000000ae000000, 0x00000000adf00000| Complete 
|  92|0x00000000ae000000, 0x00000000ae100000, 0x00000000ae100000|100%| O|  |TAMS 0x00000000ae100000, 0x00000000ae000000| Untracked 
|  93|0x00000000ae100000, 0x00000000ae200000, 0x00000000ae200000|100%| O|  |TAMS 0x00000000ae200000, 0x00000000ae100000| Untracked 
|  94|0x00000000ae200000, 0x00000000ae300000, 0x00000000ae300000|100%| O|  |TAMS 0x00000000ae300000, 0x00000000ae200000| Untracked 
|  95|0x00000000ae300000, 0x00000000ae400000, 0x00000000ae400000|100%| O|  |TAMS 0x00000000ae400000, 0x00000000ae300000| Untracked 
|  96|0x00000000ae400000, 0x00000000ae500000, 0x00000000ae500000|100%| O|  |TAMS 0x00000000ae500000, 0x00000000ae400000| Untracked 
|  97|0x00000000ae500000, 0x00000000ae600000, 0x00000000ae600000|100%| O|  |TAMS 0x00000000ae600000, 0x00000000ae500000| Untracked 
|  98|0x00000000ae600000, 0x00000000ae700000, 0x00000000ae700000|100%| O|  |TAMS 0x00000000ae700000, 0x00000000ae600000| Untracked 
|  99|0x00000000ae700000, 0x00000000ae800000, 0x00000000ae800000|100%| O|  |TAMS 0x00000000ae800000, 0x00000000ae700000| Untracked 
| 100|0x00000000ae800000, 0x00000000ae900000, 0x00000000ae900000|100%| O|  |TAMS 0x00000000ae900000, 0x00000000ae800000| Untracked 
| 101|0x00000000ae900000, 0x00000000aea00000, 0x00000000aea00000|100%| O|  |TAMS 0x00000000aea00000, 0x00000000ae900000| Untracked 
| 102|0x00000000aea00000, 0x00000000aeb00000, 0x00000000aeb00000|100%| O|  |TAMS 0x00000000aeb00000, 0x00000000aea00000| Untracked 
| 103|0x00000000aeb00000, 0x00000000aec00000, 0x00000000aec00000|100%| O|  |TAMS 0x00000000aec00000, 0x00000000aeb00000| Untracked 
| 104|0x00000000aec00000, 0x00000000aed00000, 0x00000000aed00000|100%| O|  |TAMS 0x00000000aed00000, 0x00000000aec00000| Untracked 
| 105|0x00000000aed00000, 0x00000000aee00000, 0x00000000aee00000|100%| O|  |TAMS 0x00000000aee00000, 0x00000000aed00000| Untracked 
| 106|0x00000000aee00000, 0x00000000aef00000, 0x00000000aef00000|100%| O|  |TAMS 0x00000000aef00000, 0x00000000aee00000| Untracked 
| 107|0x00000000aef00000, 0x00000000af000000, 0x00000000af000000|100%| O|  |TAMS 0x00000000af000000, 0x00000000aef00000| Untracked 
| 108|0x00000000af000000, 0x00000000af100000, 0x00000000af100000|100%| O|  |TAMS 0x00000000af100000, 0x00000000af000000| Untracked 
| 109|0x00000000af100000, 0x00000000af200000, 0x00000000af200000|100%| O|  |TAMS 0x00000000af200000, 0x00000000af100000| Untracked 
| 110|0x00000000af200000, 0x00000000af300000, 0x00000000af300000|100%| O|  |TAMS 0x00000000af300000, 0x00000000af200000| Untracked 
| 111|0x00000000af300000, 0x00000000af400000, 0x00000000af400000|100%| O|  |TAMS 0x00000000af400000, 0x00000000af300000| Untracked 
| 112|0x00000000af400000, 0x00000000af500000, 0x00000000af500000|100%| O|  |TAMS 0x00000000af500000, 0x00000000af400000| Untracked 
| 113|0x00000000af500000, 0x00000000af600000, 0x00000000af600000|100%| O|  |TAMS 0x00000000af600000, 0x00000000af500000| Untracked 
| 114|0x00000000af600000, 0x00000000af700000, 0x00000000af700000|100%| O|  |TAMS 0x00000000af700000, 0x00000000af600000| Untracked 
| 115|0x00000000af700000, 0x00000000af800000, 0x00000000af800000|100%| O|  |TAMS 0x00000000af800000, 0x00000000af700000| Untracked 
| 116|0x00000000af800000, 0x00000000af900000, 0x00000000af900000|100%| O|  |TAMS 0x00000000af900000, 0x00000000af800000| Untracked 
| 117|0x00000000af900000, 0x00000000afa00000, 0x00000000afa00000|100%| O|  |TAMS 0x00000000afa00000, 0x00000000af900000| Untracked 
| 118|0x00000000afa00000, 0x00000000afb00000, 0x00000000afb00000|100%| O|  |TAMS 0x00000000afb00000, 0x00000000afa00000| Untracked 
| 119|0x00000000afb00000, 0x00000000afc00000, 0x00000000afc00000|100%| O|  |TAMS 0x00000000afc00000, 0x00000000afb00000| Untracked 
| 120|0x00000000afc00000, 0x00000000afd00000, 0x00000000afd00000|100%| O|  |TAMS 0x00000000afd00000, 0x00000000afc00000| Untracked 
| 121|0x00000000afd00000, 0x00000000afe00000, 0x00000000afe00000|100%| O|  |TAMS 0x00000000afd00000, 0x00000000afd00000| Untracked 
| 122|0x00000000afe00000, 0x00000000aff00000, 0x00000000aff00000|100%|HS|  |TAMS 0x00000000aff00000, 0x00000000afe00000| Complete 
| 123|0x00000000aff00000, 0x00000000b0000000, 0x00000000b0000000|100%|HS|  |TAMS 0x00000000b0000000, 0x00000000aff00000| Complete 
| 124|0x00000000b0000000, 0x00000000b0100000, 0x00000000b0100000|100%| O|  |TAMS 0x00000000b0100000, 0x00000000b0000000| Untracked 
| 125|0x00000000b0100000, 0x00000000b0200000, 0x00000000b0200000|100%| O|  |TAMS 0x00000000b0200000, 0x00000000b0100000| Untracked 
| 126|0x00000000b0200000, 0x00000000b0300000, 0x00000000b0300000|100%| O|  |TAMS 0x00000000b0300000, 0x00000000b0200000| Untracked 
| 127|0x00000000b0300000, 0x00000000b0300000, 0x00000000b0400000|  0%| F|  |TAMS 0x00000000b0300000, 0x00000000b0300000| Untracked 
| 128|0x00000000b0400000, 0x00000000b0500000, 0x00000000b0500000|100%|HS|  |TAMS 0x00000000b0500000, 0x00000000b0400000| Complete 
| 129|0x00000000b0500000, 0x00000000b0600000, 0x00000000b0600000|100%|HC|  |TAMS 0x00000000b0600000, 0x00000000b0500000| Complete 
| 130|0x00000000b0600000, 0x00000000b0600000, 0x00000000b0700000|  0%| F|  |TAMS 0x00000000b0600000, 0x00000000b0600000| Untracked 
| 131|0x00000000b0700000, 0x00000000b0800000, 0x00000000b0800000|100%| O|  |TAMS 0x00000000b0700000, 0x00000000b0700000| Untracked 
| 132|0x00000000b0800000, 0x00000000b0900000, 0x00000000b0900000|100%| O|  |TAMS 0x00000000b0900000, 0x00000000b0800000| Untracked 
| 133|0x00000000b0900000, 0x00000000b0a00000, 0x00000000b0a00000|100%|HS|  |TAMS 0x00000000b0a00000, 0x00000000b0900000| Complete 
| 134|0x00000000b0a00000, 0x00000000b0b00000, 0x00000000b0b00000|100%|HC|  |TAMS 0x00000000b0b00000, 0x00000000b0a00000| Complete 
| 135|0x00000000b0b00000, 0x00000000b0c00000, 0x00000000b0c00000|100%|HS|  |TAMS 0x00000000b0c00000, 0x00000000b0b00000| Complete 
| 136|0x00000000b0c00000, 0x00000000b0d00000, 0x00000000b0d00000|100%| O|  |TAMS 0x00000000b0d00000, 0x00000000b0c00000| Untracked 
| 137|0x00000000b0d00000, 0x00000000b0e00000, 0x00000000b0e00000|100%| O|  |TAMS 0x00000000b0e00000, 0x00000000b0d00000| Untracked 
| 138|0x00000000b0e00000, 0x00000000b0f00000, 0x00000000b0f00000|100%| O|  |TAMS 0x00000000b0f00000, 0x00000000b0e00000| Untracked 
| 139|0x00000000b0f00000, 0x00000000b1000000, 0x00000000b1000000|100%| O|  |TAMS 0x00000000b1000000, 0x00000000b0f00000| Untracked 
| 140|0x00000000b1000000, 0x00000000b1100000, 0x00000000b1100000|100%| O|  |TAMS 0x00000000b1100000, 0x00000000b1000000| Untracked 
| 141|0x00000000b1100000, 0x00000000b1200000, 0x00000000b1200000|100%| O|  |TAMS 0x00000000b1200000, 0x00000000b1100000| Untracked 
| 142|0x00000000b1200000, 0x00000000b1300000, 0x00000000b1300000|100%| O|  |TAMS 0x00000000b1300000, 0x00000000b1200000| Untracked 
| 143|0x00000000b1300000, 0x00000000b1400000, 0x00000000b1400000|100%| O|  |TAMS 0x00000000b1400000, 0x00000000b1300000| Untracked 
| 144|0x00000000b1400000, 0x00000000b1500000, 0x00000000b1500000|100%| O|  |TAMS 0x00000000b1500000, 0x00000000b1400000| Untracked 
| 145|0x00000000b1500000, 0x00000000b1600000, 0x00000000b1600000|100%| O|  |TAMS 0x00000000b1600000, 0x00000000b1500000| Untracked 
| 146|0x00000000b1600000, 0x00000000b1700000, 0x00000000b1700000|100%| O|  |TAMS 0x00000000b16ab600, 0x00000000b1600000| Untracked 
| 147|0x00000000b1700000, 0x00000000b1800000, 0x00000000b1800000|100%| O|  |TAMS 0x00000000b1700000, 0x00000000b1700000| Untracked 
| 148|0x00000000b1800000, 0x00000000b1900000, 0x00000000b1900000|100%| O|  |TAMS 0x00000000b1800000, 0x00000000b1800000| Untracked 
| 149|0x00000000b1900000, 0x00000000b1a00000, 0x00000000b1a00000|100%| O|  |TAMS 0x00000000b1900000, 0x00000000b1900000| Untracked 
| 150|0x00000000b1a00000, 0x00000000b1b00000, 0x00000000b1b00000|100%| O|  |TAMS 0x00000000b1a00000, 0x00000000b1a00000| Untracked 
| 151|0x00000000b1b00000, 0x00000000b1c00000, 0x00000000b1c00000|100%| O|  |TAMS 0x00000000b1b00000, 0x00000000b1b00000| Untracked 
| 152|0x00000000b1c00000, 0x00000000b1c00000, 0x00000000b1d00000|  0%| F|  |TAMS 0x00000000b1c00000, 0x00000000b1c00000| Untracked 
| 153|0x00000000b1d00000, 0x00000000b1d00000, 0x00000000b1e00000|  0%| F|  |TAMS 0x00000000b1d00000, 0x00000000b1d00000| Untracked 
| 154|0x00000000b1e00000, 0x00000000b1e00000, 0x00000000b1f00000|  0%| F|  |TAMS 0x00000000b1e00000, 0x00000000b1e00000| Untracked 
| 155|0x00000000b1f00000, 0x00000000b1f00000, 0x00000000b2000000|  0%| F|  |TAMS 0x00000000b1f00000, 0x00000000b1f00000| Untracked 
| 156|0x00000000b2000000, 0x00000000b2000000, 0x00000000b2100000|  0%| F|  |TAMS 0x00000000b2000000, 0x00000000b2000000| Untracked 
| 157|0x00000000b2100000, 0x00000000b2100000, 0x00000000b2200000|  0%| F|  |TAMS 0x00000000b2100000, 0x00000000b2100000| Untracked 
| 158|0x00000000b2200000, 0x00000000b2200000, 0x00000000b2300000|  0%| F|  |TAMS 0x00000000b2200000, 0x00000000b2200000| Untracked 
| 159|0x00000000b2300000, 0x00000000b2300000, 0x00000000b2400000|  0%| F|  |TAMS 0x00000000b2300000, 0x00000000b2300000| Untracked 
| 160|0x00000000b2400000, 0x00000000b2400000, 0x00000000b2500000|  0%| F|  |TAMS 0x00000000b2400000, 0x00000000b2400000| Untracked 
| 161|0x00000000b2500000, 0x00000000b2500000, 0x00000000b2600000|  0%| F|  |TAMS 0x00000000b2500000, 0x00000000b2500000| Untracked 
| 162|0x00000000b2600000, 0x00000000b2600000, 0x00000000b2700000|  0%| F|  |TAMS 0x00000000b2600000, 0x00000000b2600000| Untracked 
| 163|0x00000000b2700000, 0x00000000b2700000, 0x00000000b2800000|  0%| F|  |TAMS 0x00000000b2700000, 0x00000000b2700000| Untracked 
| 164|0x00000000b2800000, 0x00000000b2800000, 0x00000000b2900000|  0%| F|  |TAMS 0x00000000b2800000, 0x00000000b2800000| Untracked 
| 165|0x00000000b2900000, 0x00000000b2900000, 0x00000000b2a00000|  0%| F|  |TAMS 0x00000000b2900000, 0x00000000b2900000| Untracked 
| 166|0x00000000b2a00000, 0x00000000b2a00000, 0x00000000b2b00000|  0%| F|  |TAMS 0x00000000b2a00000, 0x00000000b2a00000| Untracked 
| 167|0x00000000b2b00000, 0x00000000b2b00000, 0x00000000b2c00000|  0%| F|  |TAMS 0x00000000b2b00000, 0x00000000b2b00000| Untracked 
| 168|0x00000000b2c00000, 0x00000000b2c00000, 0x00000000b2d00000|  0%| F|  |TAMS 0x00000000b2c00000, 0x00000000b2c00000| Untracked 
| 169|0x00000000b2d00000, 0x00000000b2d00000, 0x00000000b2e00000|  0%| F|  |TAMS 0x00000000b2d00000, 0x00000000b2d00000| Untracked 
| 170|0x00000000b2e00000, 0x00000000b2e00000, 0x00000000b2f00000|  0%| F|  |TAMS 0x00000000b2e00000, 0x00000000b2e00000| Untracked 
| 171|0x00000000b2f00000, 0x00000000b2f00000, 0x00000000b3000000|  0%| F|  |TAMS 0x00000000b2f00000, 0x00000000b2f00000| Untracked 
| 172|0x00000000b3000000, 0x00000000b3000000, 0x00000000b3100000|  0%| F|  |TAMS 0x00000000b3000000, 0x00000000b3000000| Untracked 
| 173|0x00000000b3100000, 0x00000000b3100000, 0x00000000b3200000|  0%| F|  |TAMS 0x00000000b3100000, 0x00000000b3100000| Untracked 
| 174|0x00000000b3200000, 0x00000000b3200000, 0x00000000b3300000|  0%| F|  |TAMS 0x00000000b3200000, 0x00000000b3200000| Untracked 
| 175|0x00000000b3300000, 0x00000000b3300000, 0x00000000b3400000|  0%| F|  |TAMS 0x00000000b3300000, 0x00000000b3300000| Untracked 
| 176|0x00000000b3400000, 0x00000000b3400000, 0x00000000b3500000|  0%| F|  |TAMS 0x00000000b3400000, 0x00000000b3400000| Untracked 
| 177|0x00000000b3500000, 0x00000000b3500000, 0x00000000b3600000|  0%| F|  |TAMS 0x00000000b3500000, 0x00000000b3500000| Untracked 
| 178|0x00000000b3600000, 0x00000000b3600000, 0x00000000b3700000|  0%| F|  |TAMS 0x00000000b3600000, 0x00000000b3600000| Untracked 
| 179|0x00000000b3700000, 0x00000000b3700000, 0x00000000b3800000|  0%| F|  |TAMS 0x00000000b3700000, 0x00000000b3700000| Untracked 
| 180|0x00000000b3800000, 0x00000000b3800000, 0x00000000b3900000|  0%| F|  |TAMS 0x00000000b3800000, 0x00000000b3800000| Untracked 
| 181|0x00000000b3900000, 0x00000000b3900000, 0x00000000b3a00000|  0%| F|  |TAMS 0x00000000b3900000, 0x00000000b3900000| Untracked 
| 182|0x00000000b3a00000, 0x00000000b3a00000, 0x00000000b3b00000|  0%| F|  |TAMS 0x00000000b3a00000, 0x00000000b3a00000| Untracked 
| 183|0x00000000b3b00000, 0x00000000b3b00000, 0x00000000b3c00000|  0%| F|  |TAMS 0x00000000b3b00000, 0x00000000b3b00000| Untracked 
| 184|0x00000000b3c00000, 0x00000000b3c00000, 0x00000000b3d00000|  0%| F|  |TAMS 0x00000000b3c00000, 0x00000000b3c00000| Untracked 
| 185|0x00000000b3d00000, 0x00000000b3d00000, 0x00000000b3e00000|  0%| F|  |TAMS 0x00000000b3d00000, 0x00000000b3d00000| Untracked 
| 186|0x00000000b3e00000, 0x00000000b3e00000, 0x00000000b3f00000|  0%| F|  |TAMS 0x00000000b3e00000, 0x00000000b3e00000| Untracked 
| 187|0x00000000b3f00000, 0x00000000b3f00000, 0x00000000b4000000|  0%| F|  |TAMS 0x00000000b3f00000, 0x00000000b3f00000| Untracked 
| 188|0x00000000b4000000, 0x00000000b4000000, 0x00000000b4100000|  0%| F|  |TAMS 0x00000000b4000000, 0x00000000b4000000| Untracked 
| 189|0x00000000b4100000, 0x00000000b4100000, 0x00000000b4200000|  0%| F|  |TAMS 0x00000000b4100000, 0x00000000b4100000| Untracked 
| 190|0x00000000b4200000, 0x00000000b4200000, 0x00000000b4300000|  0%| F|  |TAMS 0x00000000b4200000, 0x00000000b4200000| Untracked 
| 191|0x00000000b4300000, 0x00000000b4300000, 0x00000000b4400000|  0%| F|  |TAMS 0x00000000b4300000, 0x00000000b4300000| Untracked 
| 192|0x00000000b4400000, 0x00000000b4400000, 0x00000000b4500000|  0%| F|  |TAMS 0x00000000b4400000, 0x00000000b4400000| Untracked 
| 193|0x00000000b4500000, 0x00000000b4500000, 0x00000000b4600000|  0%| F|  |TAMS 0x00000000b4500000, 0x00000000b4500000| Untracked 
| 194|0x00000000b4600000, 0x00000000b4600000, 0x00000000b4700000|  0%| F|  |TAMS 0x00000000b4600000, 0x00000000b4600000| Untracked 
| 195|0x00000000b4700000, 0x00000000b4700000, 0x00000000b4800000|  0%| F|  |TAMS 0x00000000b4700000, 0x00000000b4700000| Untracked 
| 196|0x00000000b4800000, 0x00000000b48fd9b0, 0x00000000b4900000| 99%| S|CS|TAMS 0x00000000b4800000, 0x00000000b4800000| Complete 
| 197|0x00000000b4900000, 0x00000000b4a00000, 0x00000000b4a00000|100%| S|CS|TAMS 0x00000000b4900000, 0x00000000b4900000| Complete 
| 198|0x00000000b4a00000, 0x00000000b4a00000, 0x00000000b4b00000|  0%| F|  |TAMS 0x00000000b4a00000, 0x00000000b4a00000| Untracked 
| 199|0x00000000b4b00000, 0x00000000b4b00000, 0x00000000b4c00000|  0%| F|  |TAMS 0x00000000b4b00000, 0x00000000b4b00000| Untracked 
| 200|0x00000000b4c00000, 0x00000000b4c00000, 0x00000000b4d00000|  0%| F|  |TAMS 0x00000000b4c00000, 0x00000000b4c00000| Untracked 
| 201|0x00000000b4d00000, 0x00000000b4d00000, 0x00000000b4e00000|  0%| F|  |TAMS 0x00000000b4d00000, 0x00000000b4d00000| Untracked 
| 202|0x00000000b4e00000, 0x00000000b4e00000, 0x00000000b4f00000|  0%| F|  |TAMS 0x00000000b4e00000, 0x00000000b4e00000| Untracked 
| 203|0x00000000b4f00000, 0x00000000b4f00000, 0x00000000b5000000|  0%| F|  |TAMS 0x00000000b4f00000, 0x00000000b4f00000| Untracked 
| 204|0x00000000b5000000, 0x00000000b5000000, 0x00000000b5100000|  0%| F|  |TAMS 0x00000000b5000000, 0x00000000b5000000| Untracked 
| 205|0x00000000b5100000, 0x00000000b5100000, 0x00000000b5200000|  0%| F|  |TAMS 0x00000000b5100000, 0x00000000b5100000| Untracked 
| 206|0x00000000b5200000, 0x00000000b5200000, 0x00000000b5300000|  0%| F|  |TAMS 0x00000000b5200000, 0x00000000b5200000| Untracked 
| 207|0x00000000b5300000, 0x00000000b5300000, 0x00000000b5400000|  0%| F|  |TAMS 0x00000000b5300000, 0x00000000b5300000| Untracked 
| 208|0x00000000b5400000, 0x00000000b5400000, 0x00000000b5500000|  0%| F|  |TAMS 0x00000000b5400000, 0x00000000b5400000| Untracked 
| 209|0x00000000b5500000, 0x00000000b5500000, 0x00000000b5600000|  0%| F|  |TAMS 0x00000000b5500000, 0x00000000b5500000| Untracked 
| 210|0x00000000b5600000, 0x00000000b5600000, 0x00000000b5700000|  0%| F|  |TAMS 0x00000000b5600000, 0x00000000b5600000| Untracked 
| 211|0x00000000b5700000, 0x00000000b5700000, 0x00000000b5800000|  0%| F|  |TAMS 0x00000000b5700000, 0x00000000b5700000| Untracked 
| 212|0x00000000b5800000, 0x00000000b5800000, 0x00000000b5900000|  0%| F|  |TAMS 0x00000000b5800000, 0x00000000b5800000| Untracked 
| 213|0x00000000b5900000, 0x00000000b5900000, 0x00000000b5a00000|  0%| F|  |TAMS 0x00000000b5900000, 0x00000000b5900000| Untracked 
| 214|0x00000000b5a00000, 0x00000000b5a00000, 0x00000000b5b00000|  0%| F|  |TAMS 0x00000000b5a00000, 0x00000000b5a00000| Untracked 
| 215|0x00000000b5b00000, 0x00000000b5b00000, 0x00000000b5c00000|  0%| F|  |TAMS 0x00000000b5b00000, 0x00000000b5b00000| Untracked 
| 216|0x00000000b5c00000, 0x00000000b5c00000, 0x00000000b5d00000|  0%| F|  |TAMS 0x00000000b5c00000, 0x00000000b5c00000| Untracked 
| 217|0x00000000b5d00000, 0x00000000b5d00000, 0x00000000b5e00000|  0%| F|  |TAMS 0x00000000b5d00000, 0x00000000b5d00000| Untracked 
| 218|0x00000000b5e00000, 0x00000000b5e00000, 0x00000000b5f00000|  0%| F|  |TAMS 0x00000000b5e00000, 0x00000000b5e00000| Untracked 
| 219|0x00000000b5f00000, 0x00000000b5f00000, 0x00000000b6000000|  0%| F|  |TAMS 0x00000000b5f00000, 0x00000000b5f00000| Untracked 
| 220|0x00000000b6000000, 0x00000000b6000000, 0x00000000b6100000|  0%| F|  |TAMS 0x00000000b6000000, 0x00000000b6000000| Untracked 
| 221|0x00000000b6100000, 0x00000000b6100000, 0x00000000b6200000|  0%| F|  |TAMS 0x00000000b6100000, 0x00000000b6100000| Untracked 
| 222|0x00000000b6200000, 0x00000000b6200000, 0x00000000b6300000|  0%| F|  |TAMS 0x00000000b6200000, 0x00000000b6200000| Untracked 
| 223|0x00000000b6300000, 0x00000000b6400000, 0x00000000b6400000|100%| E|  |TAMS 0x00000000b6300000, 0x00000000b6300000| Complete 
| 224|0x00000000b6400000, 0x00000000b6500000, 0x00000000b6500000|100%| E|  |TAMS 0x00000000b6400000, 0x00000000b6400000| Complete 
| 225|0x00000000b6500000, 0x00000000b6600000, 0x00000000b6600000|100%| E|CS|TAMS 0x00000000b6500000, 0x00000000b6500000| Complete 

Card table byte_map: [0x00000158768e0000,0x0000015876ba0000] _byte_map_base: 0x000001587639e000

Marking Bits (Prev, Next): (CMBitMap*) 0x000001586dc25530, (CMBitMap*) 0x000001586dc254f8
 Prev Bits: [0x0000015878450000, 0x0000015879a40000)
 Next Bits: [0x0000015876e60000, 0x0000015878450000)

Polling page: 0x000001586dce0000

Metaspace:

Usage:
  Non-class:     34.03 MB capacity,    33.33 MB ( 98%) used,   642.93 KB (  2%) free+waste,    78.38 KB ( <1%) overhead. 
      Class:      4.29 MB capacity,     3.97 MB ( 93%) used,   291.33 KB (  7%) free+waste,    34.31 KB ( <1%) overhead. 
       Both:     38.32 MB capacity,    37.29 MB ( 97%) used,   934.26 KB (  2%) free+waste,   112.69 KB ( <1%) overhead. 

Virtual space:
  Non-class space:       36.00 MB reserved,      34.25 MB ( 95%) committed 
      Class space:        1.00 GB reserved,       4.38 MB ( <1%) committed 
             Both:        1.04 GB reserved,      38.63 MB (  4%) committed 

Chunk freelists:
   Non-Class:  4.00 KB
       Class:  3.50 KB
        Both:  7.50 KB

CodeHeap 'non-profiled nmethods': size=120064Kb used=5669Kb max_used=6274Kb free=114394Kb
 bounds [0x0000015807ac0000, 0x00000158080f0000, 0x000001580f000000]
CodeHeap 'profiled nmethods': size=120000Kb used=13990Kb max_used=15583Kb free=106009Kb
 bounds [0x0000015800590000, 0x00000158014e0000, 0x0000015807ac0000]
CodeHeap 'non-nmethods': size=5696Kb used=1151Kb max_used=1195Kb free=4544Kb
 bounds [0x0000015800000000, 0x0000015800270000, 0x0000015800590000]
 total_blobs=9565 nmethods=6069 adapters=411
 compilation: enabled
              stopped_count=0, restarted_count=0
 full_count=0

Compilation events (10 events):
Event: 75.623 Thread 0x000001587c853800 6913       3       com.sun.tools.javac.tree.JCTree$JCFieldAccess::accept (6 bytes)
Event: 75.624 Thread 0x000001587c853800 nmethod 6913 0x00000158008dcf10 code [0x00000158008dd0e0, 0x00000158008dd310]
Event: 75.625 Thread 0x000001587c853800 6914       3       com.sun.tools.javac.tree.JCTree$JCPackageDecl::getTag (4 bytes)
Event: 75.626 Thread 0x000001587c853800 nmethod 6914 0x000001580089b510 code [0x000001580089b6c0, 0x000001580089b838]
Event: 75.629 Thread 0x000001587c853800 6915       3       java.lang.StringBuffer::<init> (7 bytes)
Event: 75.629 Thread 0x000001587c853800 nmethod 6915 0x00000158008a2110 code [0x00000158008a22c0, 0x00000158008a2450]
Event: 75.633 Thread 0x000001587c853800 6916       3       java.util.IdentityHashMap::resize (153 bytes)
Event: 75.634 Thread 0x000001587c853800 nmethod 6916 0x0000015800997690 code [0x0000015800997900, 0x00000158009986e0]
Event: 75.651 Thread 0x000001587c853800 6917   !   3       java.io.FilePermission::init (484 bytes)
Event: 75.655 Thread 0x000001587c853800 nmethod 6917 0x00000158009e0b90 code [0x00000158009e0f80, 0x00000158009e2a20]

GC Heap History (10 events):
Event: 70.264 GC heap before
{Heap before GC invocations=44 (full 0):
 garbage-first heap   total 192512K, used 161882K [0x00000000a8400000, 0x0000000100000000)
  region size 1024K, 15 young (15360K), 1 survivors (1024K)
 Metaspace       used 35569K, capacity 36510K, committed 36608K, reserved 1081344K
  class space    used 3766K, capacity 4081K, committed 4096K, reserved 1048576K
}
Event: 70.269 GC heap after
{Heap after GC invocations=45 (full 0):
 garbage-first heap   total 192512K, used 152237K [0x00000000a8400000, 0x0000000100000000)
  region size 1024K, 2 young (2048K), 2 survivors (2048K)
 Metaspace       used 35569K, capacity 36510K, committed 36608K, reserved 1081344K
  class space    used 3766K, capacity 4081K, committed 4096K, reserved 1048576K
}
Event: 71.810 GC heap before
{Heap before GC invocations=46 (full 0):
 garbage-first heap   total 192512K, used 161453K [0x00000000a8400000, 0x0000000100000000)
  region size 1024K, 14 young (14336K), 2 survivors (2048K)
 Metaspace       used 36063K, capacity 37025K, committed 37248K, reserved 1083392K
  class space    used 3823K, capacity 4145K, committed 4224K, reserved 1048576K
}
Event: 71.819 GC heap after
{Heap after GC invocations=47 (full 0):
 garbage-first heap   total 192512K, used 151661K [0x00000000a8400000, 0x0000000100000000)
  region size 1024K, 2 young (2048K), 2 survivors (2048K)
 Metaspace       used 36063K, capacity 37025K, committed 37248K, reserved 1083392K
  class space    used 3823K, capacity 4145K, committed 4224K, reserved 1048576K
}
Event: 72.425 GC heap before
{Heap before GC invocations=47 (full 0):
 garbage-first heap   total 192512K, used 158829K [0x00000000a8400000, 0x0000000100000000)
  region size 1024K, 9 young (9216K), 2 survivors (2048K)
 Metaspace       used 36290K, capacity 37267K, committed 37504K, reserved 1083392K
  class space    used 3845K, capacity 4182K, committed 4224K, reserved 1048576K
}
Event: 72.445 GC heap after
{Heap after GC invocations=48 (full 0):
 garbage-first heap   total 192512K, used 147755K [0x00000000a8400000, 0x0000000100000000)
  region size 1024K, 2 young (2048K), 2 survivors (2048K)
 Metaspace       used 36290K, capacity 37267K, committed 37504K, reserved 1083392K
  class space    used 3845K, capacity 4182K, committed 4224K, reserved 1048576K
}
Event: 73.123 GC heap before
{Heap before GC invocations=48 (full 0):
 garbage-first heap   total 192512K, used 160043K [0x00000000a8400000, 0x0000000100000000)
  region size 1024K, 15 young (15360K), 2 survivors (2048K)
 Metaspace       used 36691K, capacity 37781K, committed 38016K, reserved 1083392K
  class space    used 3890K, capacity 4224K, committed 4224K, reserved 1048576K
}
Event: 73.132 GC heap after
{Heap after GC invocations=49 (full 0):
 garbage-first heap   total 231424K, used 149548K [0x00000000a8400000, 0x0000000100000000)
  region size 1024K, 2 young (2048K), 2 survivors (2048K)
 Metaspace       used 36691K, capacity 37781K, committed 38016K, reserved 1083392K
  class space    used 3890K, capacity 4224K, committed 4224K, reserved 1048576K
}
Event: 75.616 GC heap before
{Heap before GC invocations=49 (full 0):
 garbage-first heap   total 231424K, used 177196K [0x00000000a8400000, 0x0000000100000000)
  region size 1024K, 30 young (30720K), 2 survivors (2048K)
 Metaspace       used 38043K, capacity 39073K, committed 39296K, reserved 1083392K
  class space    used 4042K, capacity 4355K, committed 4480K, reserved 1048576K
}
Event: 75.622 GC heap after
{Heap after GC invocations=50 (full 0):
 garbage-first heap   total 231424K, used 149918K [0x00000000a8400000, 0x0000000100000000)
  region size 1024K, 2 young (2048K), 2 survivors (2048K)
 Metaspace       used 38043K, capacity 39073K, committed 39296K, reserved 1083392K
  class space    used 4042K, capacity 4355K, committed 4480K, reserved 1048576K
}

Deoptimization events (10 events):
Event: 75.138 Thread 0x000001586dbf3800 Uncommon trap: reason=class_check action=maybe_recompile pc=0x0000015807c15b04 method=java.util.Collections$UnmodifiableMap$UnmodifiableEntrySet$UnmodifiableEntry.getValue()Ljava/lang/Object; @ 4 c2
Event: 75.138 Thread 0x000001586dbf3800 Uncommon trap: reason=class_check action=maybe_recompile pc=0x0000015807c0e510 method=java.util.Collections$UnmodifiableMap$UnmodifiableEntrySet$1.hasNext()Z @ 4 c2
Event: 75.138 Thread 0x000001586dbf3800 Uncommon trap: reason=class_check action=maybe_recompile pc=0x0000015807c0fe04 method=java.util.Collections$UnmodifiableMap$UnmodifiableEntrySet$1.next()Ljava/util/Map$Entry; @ 8 c2
Event: 75.138 Thread 0x000001586dbf3800 Uncommon trap: reason=class_check action=maybe_recompile pc=0x0000015807c13d04 method=java.util.Collections$UnmodifiableMap$UnmodifiableEntrySet$UnmodifiableEntry.getKey()Ljava/lang/Object; @ 4 c2
Event: 75.138 Thread 0x000001586dbf3800 Uncommon trap: reason=class_check action=maybe_recompile pc=0x0000015807c15b04 method=java.util.Collections$UnmodifiableMap$UnmodifiableEntrySet$UnmodifiableEntry.getValue()Ljava/lang/Object; @ 4 c2
Event: 75.138 Thread 0x000001586dbf3800 Uncommon trap: reason=class_check action=maybe_recompile pc=0x0000015807c0e510 method=java.util.Collections$UnmodifiableMap$UnmodifiableEntrySet$1.hasNext()Z @ 4 c2
Event: 75.138 Thread 0x000001586dbf3800 Uncommon trap: reason=class_check action=maybe_recompile pc=0x0000015807c0fe04 method=java.util.Collections$UnmodifiableMap$UnmodifiableEntrySet$1.next()Ljava/util/Map$Entry; @ 8 c2
Event: 75.138 Thread 0x000001586dbf3800 Uncommon trap: reason=class_check action=maybe_recompile pc=0x0000015807c13d04 method=java.util.Collections$UnmodifiableMap$UnmodifiableEntrySet$UnmodifiableEntry.getKey()Ljava/lang/Object; @ 4 c2
Event: 75.140 Thread 0x000001586dbf3800 Uncommon trap: reason=class_check action=maybe_recompile pc=0x0000015807c15b04 method=java.util.Collections$UnmodifiableMap$UnmodifiableEntrySet$UnmodifiableEntry.getValue()Ljava/lang/Object; @ 4 c2
Event: 75.631 Thread 0x000001586dbf3800 Uncommon trap: reason=unstable_if action=reinterpret pc=0x0000015807ef2f80 method=java.util.HashMap.removeNode(ILjava/lang/Object;Ljava/lang/Object;ZZ)Ljava/util/HashMap$Node; @ 62 c2

Classes redefined (0 events):
No events

Internal exceptions (10 events):
Event: 72.254 Thread 0x000001586dbf3800 Exception <a 'sun/nio/fs/WindowsException'{0x00000000b395fcb8}> (0x00000000b395fcb8) thrown at [t:/workspace/open/src/hotspot/share/prims/jni.cpp, line 615]
Event: 72.352 Thread 0x000001586dbf3800 Exception <a 'sun/nio/fs/WindowsException'{0x00000000b39a0878}> (0x00000000b39a0878) thrown at [t:/workspace/open/src/hotspot/share/prims/jni.cpp, line 615]
Event: 72.352 Thread 0x000001586dbf3800 Exception <a 'sun/nio/fs/WindowsException'{0x00000000b39a0b98}> (0x00000000b39a0b98) thrown at [t:/workspace/open/src/hotspot/share/prims/jni.cpp, line 615]
Event: 72.353 Thread 0x000001586dbf3800 Exception <a 'sun/nio/fs/WindowsException'{0x00000000b39a2630}> (0x00000000b39a2630) thrown at [t:/workspace/open/src/hotspot/share/prims/jni.cpp, line 615]
Event: 72.353 Thread 0x000001586dbf3800 Exception <a 'sun/nio/fs/WindowsException'{0x00000000b39a2900}> (0x00000000b39a2900) thrown at [t:/workspace/open/src/hotspot/share/prims/jni.cpp, line 615]
Event: 72.353 Thread 0x000001586dbf3800 Exception <a 'sun/nio/fs/WindowsException'{0x00000000b39a46f0}> (0x00000000b39a46f0) thrown at [t:/workspace/open/src/hotspot/share/prims/jni.cpp, line 615]
Event: 72.353 Thread 0x000001586dbf3800 Exception <a 'sun/nio/fs/WindowsException'{0x00000000b39a4a10}> (0x00000000b39a4a10) thrown at [t:/workspace/open/src/hotspot/share/prims/jni.cpp, line 615]
Event: 72.353 Thread 0x000001586dbf3800 Exception <a 'sun/nio/fs/WindowsException'{0x00000000b39a5f18}> (0x00000000b39a5f18) thrown at [t:/workspace/open/src/hotspot/share/prims/jni.cpp, line 615]
Event: 72.353 Thread 0x000001586dbf3800 Exception <a 'sun/nio/fs/WindowsException'{0x00000000b39a62c0}> (0x00000000b39a62c0) thrown at [t:/workspace/open/src/hotspot/share/prims/jni.cpp, line 615]
Event: 75.631 Thread 0x000001586dbf3800 Implicit null exception at 0x0000015807ef1ecb to 0x0000015807ef2f3a

Events (10 events):
Event: 75.138 Thread 0x000001586dbf3800 DEOPT PACKING pc=0x0000015807c13d04 sp=0x0000000a37dfc310
Event: 75.138 Thread 0x000001586dbf3800 DEOPT UNPACKING pc=0x0000015800028129 sp=0x0000000a37dfc298 mode 2
Event: 75.139 Thread 0x000001586dbf3800 Uncommon trap: trap_request=0xffffffde fr.pc=0x0000015807c15b04 relative=0x0000000000000064
Event: 75.140 Thread 0x000001586dbf3800 DEOPT PACKING pc=0x0000015807c15b04 sp=0x0000000a37dfc310
Event: 75.140 Thread 0x000001586dbf3800 DEOPT UNPACKING pc=0x0000015800028129 sp=0x0000000a37dfc298 mode 2
Event: 75.616 Executing VM operation: G1CollectForAllocation
Event: 75.622 Executing VM operation: G1CollectForAllocation done
Event: 75.631 Thread 0x000001586dbf3800 Uncommon trap: trap_request=0xffffff4d fr.pc=0x0000015807ef2f80 relative=0x0000000000001340
Event: 75.631 Thread 0x000001586dbf3800 DEOPT PACKING pc=0x0000015807ef2f80 sp=0x0000000a37dfd080
Event: 75.631 Thread 0x000001586dbf3800 DEOPT UNPACKING pc=0x0000015800028129 sp=0x0000000a37dfcf58 mode 2


Dynamic libraries:
0x00007ff783a90000 - 0x00007ff783ad5000 	C:\Program Files\java\jdk-11\bin\java.exe
0x00007ffefb550000 - 0x00007ffefb745000 	C:\Windows\SYSTEM32\ntdll.dll
0x00007ffefa060000 - 0x00007ffefa11d000 	C:\Windows\System32\KERNEL32.DLL
0x00007ffef92f0000 - 0x00007ffef95b9000 	C:\Windows\System32\KERNELBASE.dll
0x00007ffef9e60000 - 0x00007ffefa000000 	C:\Windows\System32\USER32.dll
0x00007ffef8cd0000 - 0x00007ffef8cf2000 	C:\Windows\System32\win32u.dll
0x00007ffefa890000 - 0x00007ffefa8ba000 	C:\Windows\System32\GDI32.dll
0x00007ffef91e0000 - 0x00007ffef92eb000 	C:\Windows\System32\gdi32full.dll
0x00007ffef90e0000 - 0x00007ffef917d000 	C:\Windows\System32\msvcp_win.dll
0x00007ffef8fe0000 - 0x00007ffef90e0000 	C:\Windows\System32\ucrtbase.dll
0x00007ffee7010000 - 0x00007ffee72aa000 	C:\Windows\WinSxS\amd64_microsoft.windows.common-controls_6595b64144ccf1df_6.0.19041.844_none_ca00b6081b84eb1d\COMCTL32.dll
0x00007ffefb1c0000 - 0x00007ffefb25e000 	C:\Windows\System32\msvcrt.dll
0x00007ffefb450000 - 0x00007ffefb480000 	C:\Windows\System32\IMM32.DLL
0x00007ffedfc60000 - 0x00007ffedfc76000 	C:\Program Files\java\jdk-11\bin\vcruntime140.dll
0x00007ffebcc40000 - 0x00007ffebccea000 	C:\Program Files\java\jdk-11\bin\msvcp140.dll
0x00007ffebc0f0000 - 0x00007ffebcc31000 	C:\Program Files\java\jdk-11\bin\server\jvm.dll
0x00007ffefb3a0000 - 0x00007ffefb44c000 	C:\Windows\System32\ADVAPI32.dll
0x00007ffefb260000 - 0x00007ffefb2fc000 	C:\Windows\System32\sechost.dll
0x00007ffefaa00000 - 0x00007ffefab2b000 	C:\Windows\System32\RPCRT4.dll
0x00007ffefb300000 - 0x00007ffefb308000 	C:\Windows\System32\PSAPI.DLL
0x00007ffee87e0000 - 0x00007ffee87e9000 	C:\Windows\SYSTEM32\WSOCK32.dll
0x00007ffefb0f0000 - 0x00007ffefb15b000 	C:\Windows\System32\WS2_32.dll
0x00007ffeee940000 - 0x00007ffeee967000 	C:\Windows\SYSTEM32\WINMM.dll
0x00007ffeeead0000 - 0x00007ffeeeada000 	C:\Windows\SYSTEM32\VERSION.dll
0x00007ffef6b20000 - 0x00007ffef6b32000 	C:\Windows\SYSTEM32\kernel.appcore.dll
0x00007ffedf120000 - 0x00007ffedf131000 	C:\Program Files\java\jdk-11\bin\verify.dll
0x00007ffee8480000 - 0x00007ffee8664000 	C:\Windows\SYSTEM32\DBGHELP.DLL
0x00007ffee81f0000 - 0x00007ffee821c000 	C:\Windows\SYSTEM32\dbgcore.DLL
0x00007ffef8eb0000 - 0x00007ffef8f30000 	C:\Windows\System32\bcryptPrimitives.dll
0x00007ffed9b40000 - 0x00007ffed9b68000 	C:\Program Files\java\jdk-11\bin\java.dll
0x00007ffede850000 - 0x00007ffede866000 	C:\Program Files\java\jdk-11\bin\zip.dll
0x00007ffeeab50000 - 0x00007ffeeab5a000 	C:\Program Files\java\jdk-11\bin\jimage.dll
0x00007ffef95f0000 - 0x00007ffef9d32000 	C:\Windows\System32\SHELL32.dll
0x00007ffef6e30000 - 0x00007ffef75c0000 	C:\Windows\SYSTEM32\windows.storage.dll
0x00007ffefab30000 - 0x00007ffefae85000 	C:\Windows\System32\combase.dll
0x00007ffef8740000 - 0x00007ffef876c000 	C:\Windows\SYSTEM32\Wldp.dll
0x00007ffefae90000 - 0x00007ffefaf3e000 	C:\Windows\System32\SHCORE.dll
0x00007ffefa660000 - 0x00007ffefa6b5000 	C:\Windows\System32\shlwapi.dll
0x00007ffef8c10000 - 0x00007ffef8c2f000 	C:\Windows\SYSTEM32\profapi.dll
0x00007ffedcca0000 - 0x00007ffedccb9000 	C:\Program Files\Java\jdk-11\bin\net.dll
0x00007ffef3530000 - 0x00007ffef363c000 	C:\Windows\SYSTEM32\WINHTTP.dll
0x00007ffef84c0000 - 0x00007ffef852a000 	C:\Windows\system32\mswsock.dll
0x00007ffed8110000 - 0x00007ffed8123000 	C:\Program Files\Java\jdk-11\bin\nio.dll
0x0000000069ac0000 - 0x0000000069ae4000 	C:\apache-maven-3.8.4\lib\jansi-native\Windows\x86_64\jansi.dll
0x00007ffef8690000 - 0x00007ffef86a8000 	C:\Windows\SYSTEM32\CRYPTSP.dll
0x00007ffef7df0000 - 0x00007ffef7e24000 	C:\Windows\system32\rsaenh.dll
0x00007ffef95c0000 - 0x00007ffef95e7000 	C:\Windows\System32\bcrypt.dll
0x00007ffef8b90000 - 0x00007ffef8bbe000 	C:\Windows\SYSTEM32\USERENV.dll
0x00007ffef86b0000 - 0x00007ffef86bc000 	C:\Windows\SYSTEM32\CRYPTBASE.dll
0x00007ffef8160000 - 0x00007ffef819b000 	C:\Windows\SYSTEM32\IPHLPAPI.DLL
0x00007ffefb310000 - 0x00007ffefb318000 	C:\Windows\System32\NSI.dll
0x00007ffef2ab0000 - 0x00007ffef2ac7000 	C:\Windows\SYSTEM32\dhcpcsvc6.DLL
0x00007ffef2a60000 - 0x00007ffef2a7d000 	C:\Windows\SYSTEM32\dhcpcsvc.DLL
0x00007ffef81b0000 - 0x00007ffef827b000 	C:\Windows\SYSTEM32\DNSAPI.dll

dbghelp: loaded successfully - version: 4.0.5 - missing functions: none
symbol engine: initialized successfully - sym options: 0x614 - pdb path: .;C:\Program Files\java\jdk-11\bin;C:\Windows\SYSTEM32;C:\Windows\WinSxS\amd64_microsoft.windows.common-controls_6595b64144ccf1df_6.0.19041.844_none_ca00b6081b84eb1d;C:\Program Files\java\jdk-11\bin\server;C:\apache-maven-3.8.4\lib\jansi-native\Windows\x86_64

VM Arguments:
jvm_args: -Dclassworlds.conf=C:\apache-maven-3.8.4\bin\m2.conf -Dmaven.home=C:\apache-maven-3.8.4 -Dlibrary.jansi.path=C:\apache-maven-3.8.4\lib\jansi-native -Dmaven.multiModuleProjectDirectory=C:\Users\robert\libraryOfJugglingAPI 
java_command: org.codehaus.plexus.classworlds.launcher.Launcher quarkus:dev
java_class_path (initial): C:\apache-maven-3.8.4\boot\plexus-classworlds-2.6.0.jar
Launcher Type: SUN_STANDARD

[Global flags]
     intx CICompilerCount                          = 3                                         {product} {ergonomic}
     uint ConcGCThreads                            = 1                                         {product} {ergonomic}
     uint G1ConcRefinementThreads                  = 4                                         {product} {ergonomic}
   size_t G1HeapRegionSize                         = 1048576                                   {product} {ergonomic}
    uintx GCDrainStackTargetSize                   = 64                                        {product} {ergonomic}
   size_t InitialHeapSize                          = 92274688                                  {product} {ergonomic}
   size_t MarkStackSize                            = 4194304                                   {product} {ergonomic}
   size_t MaxHeapSize                              = 1472200704                                {product} {ergonomic}
   size_t MaxNewSize                               = 882900992                                 {product} {ergonomic}
   size_t MinHeapDeltaBytes                        = 1048576                                   {product} {ergonomic}
    uintx NonNMethodCodeHeapSize                   = 5830092                                {pd product} {ergonomic}
    uintx NonProfiledCodeHeapSize                  = 122914074                              {pd product} {ergonomic}
    uintx ProfiledCodeHeapSize                     = 122914074                              {pd product} {ergonomic}
    uintx ReservedCodeCacheSize                    = 251658240                              {pd product} {ergonomic}
     bool SegmentedCodeCache                       = true                                      {product} {ergonomic}
     bool UseCompressedClassPointers               = true                                 {lp64_product} {ergonomic}
     bool UseCompressedOops                        = true                                 {lp64_product} {ergonomic}
     bool UseG1GC                                  = true                                      {product} {ergonomic}
     bool UseLargePagesIndividualAllocation        = false                                  {pd product} {ergonomic}

Logging:
Log output configuration:
 #0: stdout all=warning uptime,level,tags
 #1: stderr all=off uptime,level,tags

Environment Variables:
JAVA_HOME=C:\Program Files\java\jdk-11
JRE_HOME=C:\Program Files\java\jdk-11
PATH=C:\Windows\system32;C:\Windows;C:\Windows\System32\Wbem;C:\Windows\System32\WindowsPowerShell\v1.0\;C:\Program Files (x86)\ATI Technologies\ATI.ACE\Core-Static;C:\ProgramData\chocolatey\bin;C:\apache-maven-3.8.4\bin;C:\Program Files\dotnet\;C:\Program Files\Git\cmd;C:\Program Files\PuTTY\;C:\apache-maven-3.8.4\bin;C:\Program Files (x86)\Windows Live\Shared;C:\Program Files\nodejs\;C:\Users\robert\AppData\Local\Microsoft\WindowsApps;C:\Users\robert\AppData\Local\Programs\Microsoft VS Code\bin;C:\Program Files\java\jdk-11\bin;C:\Users\robert\.dotnet\tools;C:\apache-maven-3.8.4\bin;C:\Users\robert\AppData\Roaming\npm
USERNAME=robert
OS=Windows_NT
PROCESSOR_IDENTIFIER=AMD64 Family 18 Model 1 Stepping 0, AuthenticAMD



---------------  S Y S T E M  ---------------

OS: Windows 10 , 64 bit Build 19041 (10.0.19041.804)

CPU:total 4 (initial active 4) (4 cores per cpu, 1 threads per core) family 18 model 1 stepping 0, cmov, cx8, fxsr, mmx, sse, sse2, sse3, popcnt, mmxext, 3dnowpref, lzcnt, sse4a, tsc, tscinvbit, tscinv

Memory: 4k page, system-wide physical 5611M (592M free)
TotalPageFile size 5611M (AvailPageFile size 3M)
current process WorkingSet (physical memory assigned to process): 386M, peak: 386M
current process commit charge ("private bytes"): 425M, peak: 426M

vm_info: OpenJDK 64-Bit Server VM (11+28) for windows-amd64 JRE (11+28), built on Aug 23 2018 03:04:58 by "mach5one" with MS VC++ 15.5 (VS2017)

END.
